2023-06-15 05:27:34,949 INFO [JavaFX Application Thread] c.e.d.UnosCvijecaController [UnosCvijecaController.java:220] Cvijet Cinija već postoji
2023-06-15 06:01:20,400 INFO [JavaFX Application Thread] c.e.d.UnosCvijecaController [UnosCvijecaController.java:220] Cvijet Cinija već postoji
2023-06-16 06:17:02,298 INFO [JavaFX Application Thread] c.e.d.UnosCvijecaController [UnosCvijecaController.java:139] Example log from UnosCvijecaController
2023-06-17 05:14:37,692 INFO [JavaFX Application Thread] c.e.d.UnosCvijecaController [UnosCvijecaController.java:139] Example log from UnosCvijecaController
2023-06-17 05:15:30,025 INFO [JavaFX Application Thread] c.e.d.UnosCvijecaController [UnosCvijecaController.java:139] Example log from UnosCvijecaController
2023-06-17 05:15:58,759 INFO [JavaFX Application Thread] c.e.d.UnosCvijecaController [UnosCvijecaController.java:139] Example log from UnosCvijecaController
2023-06-17 05:20:41,807 INFO [JavaFX Application Thread] c.e.d.UnosCvijecaController [UnosCvijecaController.java:139] Example log from UnosCvijecaController
2023-06-17 05:22:35,804 INFO [JavaFX Application Thread] c.e.d.UnosCvijecaController [UnosCvijecaController.java:139] Example log from UnosCvijecaController
2023-06-17 05:23:34,811 INFO [JavaFX Application Thread] c.e.d.UnosCvijecaController [UnosCvijecaController.java:139] Example log from UnosCvijecaController
2023-06-17 05:27:19,568 INFO [JavaFX Application Thread] c.e.d.UnosCvijecaController [UnosCvijecaController.java:139] Example log from UnosCvijecaController
2023-06-17 05:39:20,604 INFO [JavaFX Application Thread] c.e.d.UnosCvijecaController [UnosCvijecaController.java:139] Example log from UnosCvijecaController
2023-06-17 06:01:47,253 INFO [JavaFX Application Thread] c.e.d.UnosCvijecaController [UnosCvijecaController.java:133] Example log from UnosCvijecaController
2023-06-17 06:07:02,097 INFO [JavaFX Application Thread] c.e.d.UnosCvijecaController [UnosCvijecaController.java:133] Example log from UnosCvijecaController
2023-06-17 06:08:26,504 INFO [JavaFX Application Thread] c.e.d.UnosCvijecaController [UnosCvijecaController.java:133] Example log from UnosCvijecaController
2023-06-17 06:08:52,240 INFO [JavaFX Application Thread] c.e.d.UnosCvijecaController [UnosCvijecaController.java:133] Example log from UnosCvijecaController
2023-06-17 06:10:01,397 INFO [JavaFX Application Thread] c.e.d.UnosCvijecaController [UnosCvijecaController.java:133] Example log from UnosCvijecaController
2023-06-17 06:18:06,042 INFO [JavaFX Application Thread] c.e.d.UnosCvijecaController [UnosCvijecaController.java:133] Example log from UnosCvijecaController
2023-06-17 06:18:43,259 INFO [JavaFX Application Thread] c.e.d.UnosCvijecaController [UnosCvijecaController.java:133] Example log from UnosCvijecaController
2023-06-17 06:21:13,917 INFO [JavaFX Application Thread] c.e.d.UnosCvijecaController [UnosCvijecaController.java:133] Example log from UnosCvijecaController
2023-06-17 06:24:13,750 INFO [JavaFX Application Thread] c.e.d.UnosCvijecaController [UnosCvijecaController.java:133] Example log from UnosCvijecaController
2023-06-17 06:25:15,528 INFO [JavaFX Application Thread] c.e.d.UnosCvijecaController [UnosCvijecaController.java:133] Example log from UnosCvijecaController
2023-06-17 06:27:32,937 INFO [JavaFX Application Thread] c.e.d.UnosCvijecaController [UnosCvijecaController.java:133] Example log from UnosCvijecaController
2023-06-17 06:29:24,269 INFO [JavaFX Application Thread] c.e.d.UnosCvijecaController [UnosCvijecaController.java:133] Example log from UnosCvijecaController
2023-06-17 06:33:21,750 INFO [JavaFX Application Thread] c.e.d.UnosCvijecaController [UnosCvijecaController.java:133] Example log from UnosCvijecaController
2023-06-17 06:33:54,331 INFO [JavaFX Application Thread] c.e.d.UnosCvijecaController [UnosCvijecaController.java:133] Example log from UnosCvijecaController
2023-06-17 06:35:36,508 INFO [JavaFX Application Thread] c.e.d.UnosCvijecaController [UnosCvijecaController.java:133] Example log from UnosCvijecaController
2023-06-17 06:47:10,002 INFO [JavaFX Application Thread] c.e.d.UnosCvijecaController [UnosCvijecaController.java:133] Example log from UnosCvijecaController
2023-06-17 06:48:22,839 INFO [JavaFX Application Thread] c.e.d.UnosCvijecaController [UnosCvijecaController.java:133] Example log from UnosCvijecaController
2023-06-17 06:48:48,967 INFO [JavaFX Application Thread] c.e.d.UnosCvijecaController [UnosCvijecaController.java:133] Example log from UnosCvijecaController
2023-06-17 08:39:23,591 INFO [JavaFX Application Thread] c.e.d.UnosCvijecaController [UnosCvijecaController.java:136] Example log from UnosCvijecaController
2023-06-17 08:40:02,220 INFO [JavaFX Application Thread] c.e.d.UnosCvijecaController [UnosCvijecaController.java:234] Naziv sadrži nedozvoljeni znak
2023-06-17 17:31:34,571 INFO [JavaFX Application Thread] c.e.d.UnosCvijecaController [UnosCvijecaController.java:206]  Niste upisali niti jedan uvjet pretraživanja
2023-06-17 17:32:55,365 INFO [JavaFX Application Thread] c.e.d.UnosCvijecaController [UnosCvijecaController.java:206]  Niste upisali niti jedan uvjet pretraživanja
2023-06-17 17:46:40,045 INFO [JavaFX Application Thread] c.e.d.UnosCvijecaController [UnosCvijecaController.java:206]  Niste upisali niti jedan uvjet pretraživanja
2023-06-20 05:13:43,148 INFO [JavaFX Application Thread] c.e.d.UnosCvijecaController [UnosCvijecaController.java:271] Naziv nije unesen
2023-06-20 05:21:49,848 INFO [JavaFX Application Thread] c.e.d.UnosCvijecaController [PovrtnjakController.java:241] Naziv nije unesen
2023-06-20 05:57:14,853 INFO [JavaFX Application Thread] c.e.d.UnosCvijecaController [UnosCvijecaController.java:268] Naziv sadrži nedozvoljeni znak
2023-06-21 05:37:45,040 INFO [JavaFX Application Thread] c.e.d.UnosCvijecaController [UnosCvijecaController.java:281] Naziv nije unesen
2023-06-21 06:00:37,565 INFO [JavaFX Application Thread] c.e.d.UnosCvijecaController [UnosCvijecaController.java:281] Naziv nije unesen
2023-06-21 06:00:39,847 INFO [JavaFX Application Thread] c.e.d.UnosCvijecaController [UnosCvijecaController.java:281] Naziv nije unesen
2023-06-21 06:41:40,124 INFO [JavaFX Application Thread] c.e.d.UnosCvijecaController [UnosCvijecaController.java:282] Naziv sadrži nedozvoljeni znak
2023-06-22 05:52:12,525 INFO [JavaFX Application Thread] c.e.d.UnosCvijecaController [UnosCvijecaController.java:277] Cvijet ff već postoji
2023-06-27 04:22:15,708 INFO [JavaFX Application Thread] c.e.d.UnosCvijecaController [PovrtnjakController.java:235] Naziv sadrži nedozvoljeni znak
2023-06-27 04:39:40,894 INFO [JavaFX Application Thread] c.e.d.UnosCvijecaController [PovrtnjakController.java:235] Naziv sadrži nedozvoljeni znak
2023-06-27 04:44:04,833 INFO [JavaFX Application Thread] c.e.d.UnosCvijecaController [PovrtnjakController.java:235] Naziv sadrži nedozvoljeni znak
2023-06-27 04:44:25,880 INFO [JavaFX Application Thread] c.e.d.UnosCvijecaController [PovrtnjakController.java:235] Naziv sadrži nedozvoljeni znak
2023-06-27 04:45:18,605 INFO [JavaFX Application Thread] c.e.d.UnosCvijecaController [PovrtnjakController.java:235] Naziv sadrži nedozvoljeni znak
2023-06-27 04:49:43,960 INFO [JavaFX Application Thread] c.e.d.UnosCvijecaController [PovrtnjakController.java:235] Naziv sadrži nedozvoljeni znak
2023-06-27 04:51:44,773 INFO [JavaFX Application Thread] c.e.d.UnosCvijecaController [PovrtnjakController.java:235] Naziv sadrži nedozvoljeni znak
2023-06-27 04:52:10,676 INFO [JavaFX Application Thread] c.e.d.UnosCvijecaController [PovrtnjakController.java:235] Naziv sadrži nedozvoljeni znak
2023-06-27 04:54:33,048 INFO [JavaFX Application Thread] c.e.d.UnosCvijecaController [PovrtnjakController.java:235] Naziv sadrži nedozvoljeni znak
2023-06-27 04:54:53,148 INFO [JavaFX Application Thread] c.e.d.UnosCvijecaController [PovrtnjakController.java:235] Naziv sadrži nedozvoljeni znak
2023-06-27 05:00:36,746 INFO [JavaFX Application Thread] c.e.d.UnosCvijecaController [PovrtnjakController.java:235] Naziv sadrži nedozvoljeni znak
2023-06-28 03:23:35,463 INFO [JavaFX Application Thread] c.e.d.UnosCvijecaController [PovrtnjakController.java:235] Naziv sadrži nedozvoljeni znak
2023-06-28 03:24:58,773 INFO [JavaFX Application Thread] c.e.d.UnosCvijecaController [PovrtnjakController.java:235] Naziv sadrži nedozvoljeni znak
2023-06-28 03:38:18,650 INFO [JavaFX Application Thread] c.e.d.UnosCvijecaController [PovrtnjakController.java:235] Naziv sadrži nedozvoljeni znak
2023-06-28 03:39:31,374 INFO [JavaFX Application Thread] c.e.d.UnosCvijecaController [PovrtnjakController.java:235] Naziv sadrži nedozvoljeni znak
2023-06-28 03:39:56,186 INFO [JavaFX Application Thread] c.e.d.UnosCvijecaController [PovrtnjakController.java:235] Naziv sadrži nedozvoljeni znak
2023-06-28 06:00:59,789 INFO [JavaFX Application Thread] c.e.d.UnosCvijecaController [UnosCvijecaController.java:269] Cvijet g već postoji
2023-06-28 06:00:59,791 INFO [JavaFX Application Thread] c.e.d.UnosCvijecaController [UnosCvijecaController.java:288] vec postoji taj cvijet, molimo ponovite unos!Unesen je broj!
2023-06-28 06:16:36,422 INFO [JavaFX Application Thread] c.e.d.UnosCvijecaController [UnosCvijecaController.java:272] Naziv sadrži nedozvoljeni znak
2023-06-28 06:16:36,424 INFO [JavaFX Application Thread] c.e.d.UnosCvijecaController [UnosCvijecaController.java:289] Unesen je broj!
2023-06-28 06:16:55,515 INFO [JavaFX Application Thread] c.e.d.UnosCvijecaController [UnosCvijecaController.java:272] Naziv sadrži nedozvoljeni znak
2023-06-28 06:16:55,516 INFO [JavaFX Application Thread] c.e.d.UnosCvijecaController [UnosCvijecaController.java:289] Unesen je broj!
2023-06-28 06:17:28,318 INFO [JavaFX Application Thread] c.e.d.UnosCvijecaController [UnosCvijecaController.java:272] Naziv sadrži nedozvoljeni znak
2023-06-28 06:22:28,643 INFO [JavaFX Application Thread] c.e.d.UnosCvijecaController [UnosCvijecaController.java:272] Naziv sadrži nedozvoljeni znak
2023-06-28 06:24:06,761 INFO [JavaFX Application Thread] c.e.d.UnosCvijecaController [UnosCvijecaController.java:275] Cvijet g već postoji
2023-06-28 06:26:02,168 INFO [JavaFX Application Thread] c.e.d.UnosCvijecaController [UnosCvijecaController.java:272] Naziv sadrži nedozvoljeni znak
2023-06-28 06:27:16,252 INFO [JavaFX Application Thread] c.e.d.UnosCvijecaController [UnosCvijecaController.java:272] Naziv sadrži nedozvoljeni znak
2023-06-28 06:28:15,737 INFO [JavaFX Application Thread] c.e.d.UnosCvijecaController [UnosCvijecaController.java:272] Naziv sadrži nedozvoljeni znak
2023-06-28 06:28:27,553 INFO [JavaFX Application Thread] c.e.d.UnosCvijecaController [UnosCvijecaController.java:275] Cvijet č već postoji
2023-06-28 06:30:19,912 INFO [JavaFX Application Thread] c.e.d.UnosCvijecaController [UnosCvijecaController.java:272] Naziv sadrži nedozvoljeni znak
2023-06-28 06:30:30,118 INFO [JavaFX Application Thread] c.e.d.UnosCvijecaController [UnosCvijecaController.java:272] Naziv sadrži nedozvoljeni znak
2023-06-28 06:31:36,446 INFO [JavaFX Application Thread] c.e.d.UnosCvijecaController [UnosCvijecaController.java:272] Naziv sadrži nedozvoljeni znak
2023-06-29 03:31:51,040 INFO [JavaFX Application Thread] c.e.d.UnosCvijecaController [UnosCvijecaController.java:272] Naziv sadrži nedozvoljeni znak
2023-06-29 03:50:26,844 INFO [JavaFX Application Thread] c.e.d.UnosCvijecaController [UnosCvijecaController.java:291] Unesen je broj
2023-06-29 03:50:39,953 INFO [JavaFX Application Thread] c.e.d.UnosCvijecaController [UnosCvijecaController.java:291] Unesen je broj
2023-06-29 03:51:10,123 INFO [JavaFX Application Thread] c.e.d.UnosCvijecaController [UnosCvijecaController.java:291] Unesen je broj
2023-06-29 03:52:55,125 INFO [JavaFX Application Thread] c.e.d.UnosCvijecaController [UnosCvijecaController.java:291] Unesen je broj
2023-06-29 03:53:57,525 INFO [JavaFX Application Thread] c.e.d.UnosCvijecaController [UnosCvijecaController.java:291] Unesen je broj
2023-06-29 03:54:14,010 INFO [JavaFX Application Thread] c.e.d.UnosCvijecaController [UnosCvijecaController.java:291] Unesen je broj
2023-06-29 03:55:17,685 INFO [JavaFX Application Thread] c.e.d.UnosCvijecaController [UnosCvijecaController.java:291] Unesen je broj
2023-06-29 03:56:12,617 INFO [JavaFX Application Thread] c.e.d.UnosCvijecaController [UnosCvijecaController.java:291] Unesen je broj
2023-06-29 05:26:53,307 INFO [JavaFX Application Thread] c.e.d.UnosCvijecaController [PovrtnjakController.java:235] Naziv sadrži nedozvoljeni znak
2023-06-29 17:18:41,486 INFO [JavaFX Application Thread] c.e.d.UnosCvijecaController [UnosCvijecaController.java:285] Naziv sadrži nedozvoljeni znak
2023-06-29 17:26:49,636 INFO [JavaFX Application Thread] c.e.d.UnosCvijecaController [UnosCvijecaController.java:285] Naziv sadrži nedozvoljeni znak
2023-06-29 17:29:51,312 INFO [JavaFX Application Thread] c.e.d.UnosCvijecaController [UnosCvijecaController.java:285] Naziv sadrži nedozvoljeni znak
2023-06-29 17:44:02,864 INFO [JavaFX Application Thread] c.e.d.UnosCvijecaController [UnosCvijecaController.java:285] Naziv sadrži nedozvoljeni znak
2023-06-29 17:45:50,272 INFO [JavaFX Application Thread] c.e.d.UnosCvijecaController [UnosCvijecaController.java:285] Naziv sadrži nedozvoljeni znak
2023-06-29 17:48:08,763 INFO [JavaFX Application Thread] c.e.d.UnosCvijecaController [UnosCvijecaController.java:285] Naziv sadrži nedozvoljeni znak
